
Lancement de l'état historique_affectation [Tue Jun 23 23:31:09 2009] ...
Fin de l'état historique_affectation [Tue Jun 23 23:31:58 2009]

Lancement de l'état historique_panne [Tue Jun 23 23:32:02 2009] ...
Fin de l'état historique_panne [Tue Jun 23 23:32:25 2009]

Lancement de l'état historique_service [Tue Jun 23 23:32:29 2009] ...
Fin de l'état historique_service [Tue Jun 23 23:32:49 2009]

Lancement de l'état historique_panne [Wed Jun 24 15:23:36 2009] ...
Fin de l'état historique_panne [Wed Jun 24 15:24:38 2009]

Lancement de l'état historique_service [Wed Jun 24 15:24:44 2009] ...
Fin de l'état historique_service [Wed Jun 24 15:25:39 2009]

Lancement de l'état historique_affectation [Thu Jun 25 00:01:03 2009] ...
Fin de l'état historique_affectation [Thu Jun 25 00:01:42 2009]

Lancement de l'état historique_panne [Thu Jun 25 00:01:46 2009] ...
Fin de l'état historique_panne [Thu Jun 25 00:02:11 2009]

Lancement de l'état historique_affectation [Thu Jun 25 09:22:07 2009] ...
Fin de l'état historique_affectation [Thu Jun 25 09:22:39 2009]

Lancement de l'état historique_panne [Thu Jun 25 09:22:48 2009] ...
Fin de l'état historique_panne [Thu Jun 25 09:23:09 2009]

Lancement de l'état historique_service [Thu Jun 25 09:23:13 2009] ...
Fin de l'état historique_service [Thu Jun 25 09:23:38 2009]
